============================================================================================== 
Warning! Mixing Conda and module environments may lead to corruption of the
user environment. 
We do not recommend users mixing those two environments unless absolutely
necessary. Note that 
SURF does not provide any support for Conda environment.
For more information, please refer to our software policy page:
https://servicedesk.surf.nl/wiki/display/WIKI/Software+policy+Snellius#SoftwarepolicySnellius-UseofAnacondaandMinicondaenvironmentsonSnellius 

Remember that many packages have already been installed on the system and can
be loaded using 
the 'module load <package__name>' command. If you are uncertain if a package is
already available 
on the system, please use 'module avail' or 'module spider' to search for it.
============================================================================================== 
/var/spool/slurm/slurmd/job7962264/slurm_script: line 15: cd: ai4mi_project: No such file or directory
/var/spool/slurm/slurmd/job7962264/slurm_script: line 17: ai4mi/bin/activate: No such file or directory
Namespace(metric_file=PosixPath('results/segthor/nnUNet/ce/dice_val.npy'), dest=PosixPath('results/segthor/nnUNet/ce/dice_val.png'), headless=False)
Traceback (most recent call last):
  File "/gpfs/home3/scur2486/ai4mi_project/plot.py", line 82, in <module>
    run(get_args())
  File "/gpfs/home3/scur2486/ai4mi_project/plot.py", line 33, in run
    metrics: np.ndarray = np.load(args.metric_file)
                          ^^^^^^^^^^^^^^^^^^^^^^^^^
  File "/sw/arch/RHEL8/EB_production/2023/software/Anaconda3/2023.07-2/lib/python3.11/site-packages/numpy/lib/npyio.py", line 405, in load
    fid = stack.enter_context(open(os_fspath(file), "rb"))
                              ^^^^^^^^^^^^^^^^^^^^^^^^^^^
FileNotFoundError: [Errno 2] No such file or directory: 'results/segthor/nnUNet/ce/dice_val.npy'
Traceback (most recent call last):
  File "/gpfs/home3/scur2486/ai4mi_project/evaluation.py", line 2, in <module>
    import SimpleITK as sitk
ModuleNotFoundError: No module named 'SimpleITK'

JOB STATISTICS
==============
Job ID: 7962264
Cluster: snellius
User/Group: scur2486/scur2486
State: RUNNING
Nodes: 1
Cores per node: 18
CPU Utilized: 00:00:00
CPU Efficiency: 0.00% of 00:03:36 core-walltime
Job Wall-clock time: 00:00:12
Memory Utilized: 0.00 MB (estimated maximum)
Memory Efficiency: 0.00% of 120.00 GB (120.00 GB/node)
WARNING: Efficiency statistics may be misleading for RUNNING jobs.
